[0923/153855.020:ERROR:process_memory_win.cc(73)] ReadMemory at 0x7ff623030000 of 64 bytes failed: Only part of a ReadProcessMemory or WriteProcessMemory request was completed. (0x12B)
[0923/153855.023:WARNING:pe_image_reader.cc(340)] could not read dos header from C:\Program Files (x86)\Google\Chrome\Application\chrome.exe
[0923/153855.023:ERROR:process_memory_win.cc(73)] ReadMemory at 0x7fffe7000000 of 64 bytes failed: Only part of a ReadProcessMemory or WriteProcessMemory request was completed. (0x12B)
[0923/153855.024:WARNING:pe_image_reader.cc(340)] could not read dos header from C:\WINDOWS\SYSTEM32\ntdll.dll
[0923/153855.024:ERROR:process_memory_win.cc(73)] ReadMemory at 0x7fffe6f00000 of 64 bytes failed: Only part of a ReadProcessMemory or WriteProcessMemory request was completed. (0x12B)
[0923/153855.024:WARNING:pe_image_reader.cc(340)] could not read dos header from C:\WINDOWS\System32\KERNEL32.dll
[0923/153855.024:ERROR:process_memory_win.cc(73)] ReadMemory at 0x7fffe4d00000 of 64 bytes failed: Only part of a ReadProcessMemory or WriteProcessMemory request was completed. (0x12B)
[0923/153855.025:WARNING:pe_image_reader.cc(340)] could not read dos header from C:\WINDOWS\System32\KERNELBASE.dll
[0923/153855.025:ERROR:process_memory_win.cc(73)] ReadMemory at 0x7fffddea0000 of 64 bytes failed: Only part of a ReadProcessMemory or WriteProcessMemory request was completed. (0x12B)
[0923/153855.025:WARNING:pe_image_reader.cc(340)] could not read dos header from C:\WINDOWS\SYSTEM32\version.dll
[0923/153855.025:ERROR:process_memory_win.cc(73)] ReadMemory at 0x7fffe6b60000 of 64 bytes failed: Only part of a ReadProcessMemory or WriteProcessMemory request was completed. (0x12B)
[0923/153855.025:WARNING:pe_image_reader.cc(340)] could not read dos header from C:\WINDOWS\System32\msvcrt.dll
[0923/153855.025:ERROR:process_memory_win.cc(73)] ReadMemory at 0x7fffa0ca0000 of 64 bytes failed: Only part of a ReadProcessMemory or WriteProcessMemory request was completed. (0x12B)
[0923/153855.025:WARNING:pe_image_reader.cc(340)] could not read dos header from C:\Program Files (x86)\Google\Chrome\Application\85.0.4183.102\chrome_elf.dll
[0923/153855.025:ERROR:process_memory_win.cc(73)] ReadMemory at 0x7fffe4fb0000 of 64 bytes failed: Only part of a ReadProcessMemory or WriteProcessMemory request was completed. (0x12B)
[0923/153855.025:WARNING:pe_image_reader.cc(340)] could not read dos header from C:\WINDOWS\System32\bcryptPrimitives.dll
[0923/153855.025:ERROR:process_memory_win.cc(73)] ReadMemory at 0x7fffe69e0000 of 64 bytes failed: Only part of a ReadProcessMemory or WriteProcessMemory request was completed. (0x12B)
[0923/153855.025:WARNING:pe_image_reader.cc(340)] could not read dos header from C:\WINDOWS\System32\ADVAPI32.dll
[0923/153855.025:ERROR:process_memory_win.cc(73)] ReadMemory at 0x7fffe5470000 of 64 bytes failed: Only part of a ReadProcessMemory or WriteProcessMemory request was completed. (0x12B)
[0923/153855.025:WARNING:pe_image_reader.cc(340)] could not read dos header from C:\WINDOWS\System32\sechost.dll
[0923/153855.026:ERROR:process_memory_win.cc(73)] ReadMemory at 0x7fffe50c0000 of 64 bytes failed: Only part of a ReadProcessMemory or WriteProcessMemory request was completed. (0x12B)
[0923/153855.026:WARNING:pe_image_reader.cc(340)] could not read dos header from C:\WINDOWS\System32\RPCRT4.dll
[0923/153855.026:ERROR:process_memory_win.cc(73)] ReadMemory at 0x7fff60300000 of 64 bytes failed: Only part of a ReadProcessMemory or WriteProcessMemory request was completed. (0x12B)
[0923/153855.026:WARNING:pe_image_reader.cc(340)] could not read dos header from C:\Program Files (x86)\Google\Chrome\Application\85.0.4183.102\chrome.dll
[0923/153855.026:ERROR:process_memory_win.cc(73)] ReadMemory at 0x7fffe6560000 of 64 bytes failed: Only part of a ReadProcessMemory or WriteProcessMemory request was completed. (0x12B)
[0923/153855.026:WARNING:pe_image_reader.cc(340)] could not read dos header from C:\WINDOWS\System32\WS2_32.dll
[0923/153855.026:ERROR:process_memory_win.cc(73)] ReadMemory at 0x7fffe6c20000 of 64 bytes failed: Only part of a ReadProcessMemory or WriteProcessMemory request was completed. (0x12B)
[0923/153855.026:WARNING:pe_image_reader.cc(340)] could not read dos header from C:\WINDOWS\System32\OLEAUT32.dll
[0923/153855.026:ERROR:process_memory_win.cc(73)] ReadMemory at 0x7fffe4b10000 of 64 bytes failed: Only part of a ReadProcessMemory or WriteProcessMemory request was completed. (0x12B)
[0923/153855.026:WARNING:pe_image_reader.cc(340)] could not read dos header from C:\WINDOWS\System32\msvcp_win.dll
[0923/153855.026:ERROR:process_memory_win.cc(73)] ReadMemory at 0x7fffe4990000 of 64 bytes failed: Only part of a ReadProcessMemory or WriteProcessMemory request was completed. (0x12B)
[0923/153855.026:WARNING:pe_image_reader.cc(340)] could not read dos header from C:\WINDOWS\System32\ucrtbase.dll
[0923/153855.026:ERROR:process_memory_win.cc(73)] ReadMemory at 0x7fffe56c0000 of 64 bytes failed: Only part of a ReadProcessMemory or WriteProcessMemory request was completed. (0x12B)
[0923/153855.026:WARNING:pe_image_reader.cc(340)] could not read dos header from C:\WINDOWS\System32\combase.dll
[0923/153855.027:ERROR:process_memory_win.cc(73)] ReadMemory at 0x7fffe5030000 of 64 bytes failed: Only part of a ReadProcessMemory or WriteProcessMemory request was completed. (0x12B)
[0923/153855.027:WARNING:pe_image_reader.cc(340)] could not read dos header from C:\WINDOWS\System32\WINTRUST.dll
[0923/153855.027:ERROR:process_memory_win.cc(73)] ReadMemory at 0x7fffe3f70000 of 64 bytes failed: Only part of a ReadProcessMemory or WriteProcessMemory request was completed. (0x12B)
[0923/153855.027:WARNING:pe_image_reader.cc(340)] could not read dos header from C:\WINDOWS\System32\MSASN1.dll
[0923/153855.027:ERROR:process_memory_win.cc(73)] ReadMemory at 0x7fffe4bb0000 of 64 bytes failed: Only part of a ReadProcessMemory or WriteProcessMemory request was completed. (0x12B)
[0923/153855.027:WARNING:pe_image_reader.cc(340)] could not read dos header from C:\WINDOWS\System32\CRYPT32.dll
[0923/153855.027:ERROR:process_memory_win.cc(73)] ReadMemory at 0x7fffe3420000 of 64 bytes failed: Only part of a ReadProcessMemory or WriteProcessMemory request was completed. (0x12B)
[0923/153855.028:WARNING:pe_image_reader.cc(340)] could not read dos header from C:\WINDOWS\SYSTEM32\IPHLPAPI.DLL
[0923/153855.028:ERROR:process_memory_win.cc(73)] ReadMemory at 0x7fffd55b0000 of 64 bytes failed: Only part of a ReadProcessMemory or WriteProcessMemory request was completed. (0x12B)
[0923/153855.028:WARNING:pe_image_reader.cc(340)] could not read dos header from C:\WINDOWS\SYSTEM32\WINMM.dll
[0923/153855.028:ERROR:process_memory_win.cc(73)] ReadMemory at 0x7fffb2840000 of 64 bytes failed: Only part of a ReadProcessMemory or WriteProcessMemory request was completed. (0x12B)
[0923/153855.028:WARNING:pe_image_reader.cc(340)] could not read dos header from C:\WINDOWS\SYSTEM32\UIAutomationCore.DLL
[0923/153855.028:ERROR:process_memory_win.cc(73)] ReadMemory at 0x7fffd9e40000 of 64 bytes failed: Only part of a ReadProcessMemory or WriteProcessMemory request was completed. (0x12B)
[0923/153855.028:WARNING:pe_image_reader.cc(340)] could not read dos header from C:\WINDOWS\SYSTEM32\Secur32.dll
[0923/153855.028:ERROR:process_memory_win.cc(73)] ReadMemory at 0x7fffe3da0000 of 64 bytes failed: Only part of a ReadProcessMemory or WriteProcessMemory request was completed. (0x12B)
[0923/153855.028:WARNING:pe_image_reader.cc(340)] could not read dos header from C:\WINDOWS\SYSTEM32\USERENV.dll
[0923/153855.028:ERROR:process_memory_win.cc(73)] ReadMemory at 0x7fffe3f40000 of 64 bytes failed: Only part of a ReadProcessMemory or WriteProcessMemory request was completed. (0x12B)
[0923/153855.028:WARNING:pe_image_reader.cc(340)] could not read dos header from C:\WINDOWS\System32\profapi.dll
[0923/153855.029:ERROR:process_memory_win.cc(73)] ReadMemory at 0x7fffc40e0000 of 64 bytes failed: Only part of a ReadProcessMemory or WriteProcessMemory request was completed. (0x12B)
[0923/153855.029:WARNING:pe_image_reader.cc(340)] could not read dos header from C:\WINDOWS\SYSTEM32\DWrite.dll
[0923/153855.029:ERROR:process_memory_win.cc(73)] ReadMemory at 0x7fffb2110000 of 64 bytes failed: Only part of a ReadProcessMemory or WriteProcessMemory request was completed. (0x12B)
[0923/153855.029:WARNING:pe_image_reader.cc(340)] could not read dos header from C:\WINDOWS\SYSTEM32\WINSPOOL.DRV
[0923/153855.029:ERROR:process_memory_win.cc(73)] ReadMemory at 0x7fffe3f20000 of 64 bytes failed: Only part of a ReadProcessMemory or WriteProcessMemory request was completed. (0x12B)
[0923/153855.029:WARNING:pe_image_reader.cc(340)] could not read dos header from C:\WINDOWS\System32\kernel.appcore.dll
[0923/153855.029:ERROR:process_memory_win.cc(73)] ReadMemory at 0x7fffe4710000 of 64 bytes failed: Only part of a ReadProcessMemory or WriteProcessMemory request was completed. (0x12B)
[0923/153855.029:WARNING:pe_image_reader.cc(340)] could not read dos header from C:\WINDOWS\System32\bcrypt.dll
[0923/153855.030:ERROR:process_memory_win.cc(73)] ReadMemory at 0x7fffe2780000 of 64 bytes failed: Only part of a ReadProcessMemory or WriteProcessMemory request was completed. (0x12B)
[0923/153855.030:WARNING:pe_image_reader.cc(340)] could not read dos header from C:\WINDOWS\SYSTEM32\dbghelp.dll
[0923/153855.030:ERROR:process_memory_win.cc(73)] ReadMemory at 0x7fffdae40000 of 64 bytes failed: Only part of a ReadProcessMemory or WriteProcessMemory request was completed. (0x12B)
[0923/153855.030:WARNING:pe_image_reader.cc(340)] could not read dos header from C:\WINDOWS\SYSTEM32\WINHTTP.dll
[0923/153855.030:ERROR:process_memory_win.cc(73)] ReadMemory at 0x7fffdbc90000 of 64 bytes failed: Only part of a ReadProcessMemory or WriteProcessMemory request was completed. (0x12B)
[0923/153855.030:WARNING:pe_image_reader.cc(340)] could not read dos header from C:\WINDOWS\SYSTEM32\dhcpcsvc.DLL
[0923/153855.030:ERROR:process_memory_win.cc(73)] ReadMemory at 0x7fffe6690000 of 64 bytes failed: Only part of a ReadProcessMemory or WriteProcessMemory request was completed. (0x12B)
[0923/153855.030:WARNING:pe_image_reader.cc(340)] could not read dos header from C:\WINDOWS\System32\NSI.dll
[0923/153855.030:ERROR:process_memory_win.cc(73)] ReadMemory at 0x7fffd5360000 of 64 bytes failed: Only part of a ReadProcessMemory or WriteProcessMemory request was completed. (0x12B)
[0923/153855.030:WARNING:pe_image_reader.cc(340)] could not read dos header from C:\WINDOWS\SYSTEM32\WINMMBASE.dll
[0923/153855.030:ERROR:process_memory_win.cc(73)] ReadMemory at 0x7fffe4ac0000 of 64 bytes failed: Only part of a ReadProcessMemory or WriteProcessMemory request was completed. (0x12B)
[0923/153855.030:WARNING:pe_image_reader.cc(340)] could not read dos header from C:\WINDOWS\System32\cfgmgr32.dll
[0923/153855.030:ERROR:process_memory_win.cc(73)] ReadMemory at 0x7fffe19f0000 of 64 bytes failed: Only part of a ReadProcessMemory or WriteProcessMemory request was completed. (0x12B)
[0923/153855.031:WARNING:pe_image_reader.cc(340)] could not read dos header from C:\WINDOWS\SYSTEM32\PROPSYS.dll
[0923/153855.031:ERROR:process_memory_win.cc(73)] ReadMemory at 0x7fffe5210000 of 64 bytes failed: Only part of a ReadProcessMemory or WriteProcessMemory request was completed. (0x12B)
[0923/153855.031:WARNING:pe_image_reader.cc(340)] could not read dos header from C:\WINDOWS\System32\shcore.dll
[0923/153855.031:ERROR:process_memory_win.cc(73)] ReadMemory at 0x7fffe3dd0000 of 64 bytes failed: Only part of a ReadProcessMemory or WriteProcessMemory request was completed. (0x12B)
[0923/153855.031:WARNING:pe_image_reader.cc(340)] could not read dos header from C:\WINDOWS\SYSTEM32\SSPICLI.DLL
[0923/153855.031:ERROR:process_memory_win.cc(73)] ReadMemory at 0x7fffe38e0000 of 64 bytes failed: Only part of a ReadProcessMemory or WriteProcessMemory request was completed. (0x12B)
[0923/153855.031:WARNING:pe_image_reader.cc(340)] could not read dos header from C:\WINDOWS\SYSTEM32\CRYPTBASE.DLL
[0923/153855.039:ERROR:process_memory_win.cc(73)] ReadMemory at 0x7ff623030000 of 64 bytes failed: Only part of a ReadProcessMemory or WriteProcessMemory request was completed. (0x12B)
[0923/153855.039:WARNING:pe_image_reader.cc(340)] could not read dos header from C:\Program Files (x86)\Google\Chrome\Application\chrome.exe
[0923/153855.039:ERROR:process_memory_win.cc(73)] ReadMemory at 0x7fffe7000000 of 64 bytes failed: Only part of a ReadProcessMemory or WriteProcessMemory request was completed. (0x12B)
[0923/153855.039:WARNING:pe_image_reader.cc(340)] could not read dos header from C:\WINDOWS\SYSTEM32\ntdll.dll
[0923/153855.039:ERROR:process_memory_win.cc(73)] ReadMemory at 0x7fffe6f00000 of 64 bytes failed: Only part of a ReadProcessMemory or WriteProcessMemory request was completed. (0x12B)
[0923/153855.039:WARNING:pe_image_reader.cc(340)] could not read dos header from C:\WINDOWS\System32\KERNEL32.dll
[0923/153855.039:ERROR:process_memory_win.cc(73)] ReadMemory at 0x7fffe4d00000 of 64 bytes failed: Only part of a ReadProcessMemory or WriteProcessMemory request was completed. (0x12B)
[0923/153855.039:WARNING:pe_image_reader.cc(340)] could not read dos header from C:\WINDOWS\System32\KERNELBASE.dll
[0923/153855.039:ERROR:process_memory_win.cc(73)] ReadMemory at 0x7fffddea0000 of 64 bytes failed: Only part of a ReadProcessMemory or WriteProcessMemory request was completed. (0x12B)
[0923/153855.040:WARNING:pe_image_reader.cc(340)] could not read dos header from C:\WINDOWS\SYSTEM32\version.dll
[0923/153855.040:ERROR:process_memory_win.cc(73)] ReadMemory at 0x7fffe6b60000 of 64 bytes failed: Only part of a ReadProcessMemory or WriteProcessMemory request was completed. (0x12B)
[0923/153855.040:WARNING:pe_image_reader.cc(340)] could not read dos header from C:\WINDOWS\System32\msvcrt.dll
[0923/153855.040:ERROR:process_memory_win.cc(73)] ReadMemory at 0x7fffa0ca0000 of 64 bytes failed: Only part of a ReadProcessMemory or WriteProcessMemory request was completed. (0x12B)
[0923/153855.040:WARNING:pe_image_reader.cc(340)] could not read dos header from C:\Program Files (x86)\Google\Chrome\Application\85.0.4183.102\chrome_elf.dll
[0923/153855.040:ERROR:process_memory_win.cc(73)] ReadMemory at 0x7fffe4fb0000 of 64 bytes failed: Only part of a ReadProcessMemory or WriteProcessMemory request was completed. (0x12B)
[0923/153855.040:WARNING:pe_image_reader.cc(340)] could not read dos header from C:\WINDOWS\System32\bcryptPrimitives.dll
[0923/153855.040:ERROR:process_memory_win.cc(73)] ReadMemory at 0x7fffe69e0000 of 64 bytes failed: Only part of a ReadProcessMemory or WriteProcessMemory request was completed. (0x12B)
[0923/153855.040:WARNING:pe_image_reader.cc(340)] could not read dos header from C:\WINDOWS\System32\ADVAPI32.dll
[0923/153855.040:ERROR:process_memory_win.cc(73)] ReadMemory at 0x7fffe5470000 of 64 bytes failed: Only part of a ReadProcessMemory or WriteProcessMemory request was completed. (0x12B)
[0923/153855.040:WARNING:pe_image_reader.cc(340)] could not read dos header from C:\WINDOWS\System32\sechost.dll
[0923/153855.040:ERROR:process_memory_win.cc(73)] ReadMemory at 0x7fffe50c0000 of 64 bytes failed: Only part of a ReadProcessMemory or WriteProcessMemory request was completed. (0x12B)
[0923/153855.040:WARNING:pe_image_reader.cc(340)] could not read dos header from C:\WINDOWS\System32\RPCRT4.dll
[0923/153855.040:ERROR:process_memory_win.cc(73)] ReadMemory at 0x7fff60300000 of 64 bytes failed: Only part of a ReadProcessMemory or WriteProcessMemory request was completed. (0x12B)
[0923/153855.041:WARNING:pe_image_reader.cc(340)] could not read dos header from C:\Program Files (x86)\Google\Chrome\Application\85.0.4183.102\chrome.dll
[0923/153855.041:ERROR:process_memory_win.cc(73)] ReadMemory at 0x7fffe6560000 of 64 bytes failed: Only part of a ReadProcessMemory or WriteProcessMemory request was completed. (0x12B)
[0923/153855.041:WARNING:pe_image_reader.cc(340)] could not read dos header from C:\WINDOWS\System32\WS2_32.dll
[0923/153855.041:ERROR:process_memory_win.cc(73)] ReadMemory at 0x7fffe6c20000 of 64 bytes failed: Only part of a ReadProcessMemory or WriteProcessMemory request was completed. (0x12B)
[0923/153855.041:WARNING:pe_image_reader.cc(340)] could not read dos header from C:\WINDOWS\System32\OLEAUT32.dll
[0923/153855.041:ERROR:process_memory_win.cc(73)] ReadMemory at 0x7fffe4b10000 of 64 bytes failed: Only part of a ReadProcessMemory or WriteProcessMemory request was completed. (0x12B)
[0923/153855.041:WARNING:pe_image_reader.cc(340)] could not read dos header from C:\WINDOWS\System32\msvcp_win.dll
[0923/153855.041:ERROR:process_memory_win.cc(73)] ReadMemory at 0x7fffe4990000 of 64 bytes failed: Only part of a ReadProcessMemory or WriteProcessMemory request was completed. (0x12B)
[0923/153855.041:WARNING:pe_image_reader.cc(340)] could not read dos header from C:\WINDOWS\System32\ucrtbase.dll
[0923/153855.041:ERROR:process_memory_win.cc(73)] ReadMemory at 0x7fffe56c0000 of 64 bytes failed: Only part of a ReadProcessMemory or WriteProcessMemory request was completed. (0x12B)
[0923/153855.041:WARNING:pe_image_reader.cc(340)] could not read dos header from C:\WINDOWS\System32\combase.dll
[0923/153855.041:ERROR:process_memory_win.cc(73)] ReadMemory at 0x7fffe5030000 of 64 bytes failed: Only part of a ReadProcessMemory or WriteProcessMemory request was completed. (0x12B)
[0923/153855.041:WARNING:pe_image_reader.cc(340)] could not read dos header from C:\WINDOWS\System32\WINTRUST.dll
[0923/153855.042:ERROR:process_memory_win.cc(73)] ReadMemory at 0x7fffe3f70000 of 64 bytes failed: Only part of a ReadProcessMemory or WriteProcessMemory request was completed. (0x12B)
[0923/153855.043:WARNING:pe_image_reader.cc(340)] could not read dos header from C:\WINDOWS\System32\MSASN1.dll
[0923/153855.043:ERROR:process_memory_win.cc(73)] ReadMemory at 0x7fffe4bb0000 of 64 bytes failed: Only part of a ReadProcessMemory or WriteProcessMemory request was completed. (0x12B)
[0923/153855.043:WARNING:pe_image_reader.cc(340)] could not read dos header from C:\WINDOWS\System32\CRYPT32.dll
[0923/153855.043:ERROR:process_memory_win.cc(73)] ReadMemory at 0x7fffe3420000 of 64 bytes failed: Only part of a ReadProcessMemory or WriteProcessMemory request was completed. (0x12B)
[0923/153855.043:WARNING:pe_image_reader.cc(340)] could not read dos header from C:\WINDOWS\SYSTEM32\IPHLPAPI.DLL
[0923/153855.043:ERROR:process_memory_win.cc(73)] ReadMemory at 0x7fffd55b0000 of 64 bytes failed: Only part of a ReadProcessMemory or WriteProcessMemory request was completed. (0x12B)
[0923/153855.044:WARNING:pe_image_reader.cc(340)] could not read dos header from C:\WINDOWS\SYSTEM32\WINMM.dll
[0923/153855.044:ERROR:process_memory_win.cc(73)] ReadMemory at 0x7fffb2840000 of 64 bytes failed: Only part of a ReadProcessMemory or WriteProcessMemory request was completed. (0x12B)
[0923/153855.044:WARNING:pe_image_reader.cc(340)] could not read dos header from C:\WINDOWS\SYSTEM32\UIAutomationCore.DLL
[0923/153855.044:ERROR:process_memory_win.cc(73)] ReadMemory at 0x7fffd9e40000 of 64 bytes failed: Only part of a ReadProcessMemory or WriteProcessMemory request was completed. (0x12B)
[0923/153855.044:WARNING:pe_image_reader.cc(340)] could not read dos header from C:\WINDOWS\SYSTEM32\Secur32.dll
[0923/153855.044:ERROR:process_memory_win.cc(73)] ReadMemory at 0x7fffe3da0000 of 64 bytes failed: Only part of a ReadProcessMemory or WriteProcessMemory request was completed. (0x12B)
[0923/153855.044:WARNING:pe_image_reader.cc(340)] could not read dos header from C:\WINDOWS\SYSTEM32\USERENV.dll
[0923/153855.044:ERROR:process_memory_win.cc(73)] ReadMemory at 0x7fffe3f40000 of 64 bytes failed: Only part of a ReadProcessMemory or WriteProcessMemory request was completed. (0x12B)
[0923/153855.044:WARNING:pe_image_reader.cc(340)] could not read dos header from C:\WINDOWS\System32\profapi.dll
[0923/153855.044:ERROR:process_memory_win.cc(73)] ReadMemory at 0x7fffc40e0000 of 64 bytes failed: Only part of a ReadProcessMemory or WriteProcessMemory request was completed. (0x12B)
[0923/153855.044:WARNING:pe_image_reader.cc(340)] could not read dos header from C:\WINDOWS\SYSTEM32\DWrite.dll
[0923/153855.044:ERROR:process_memory_win.cc(73)] ReadMemory at 0x7fffb2110000 of 64 bytes failed: Only part of a ReadProcessMemory or WriteProcessMemory request was completed. (0x12B)
[0923/153855.044:WARNING:pe_image_reader.cc(340)] could not read dos header from C:\WINDOWS\SYSTEM32\WINSPOOL.DRV
[0923/153855.045:ERROR:process_memory_win.cc(73)] ReadMemory at 0x7fffe3f20000 of 64 bytes failed: Only part of a ReadProcessMemory or WriteProcessMemory request was completed. (0x12B)
[0923/153855.045:WARNING:pe_image_reader.cc(340)] could not read dos header from C:\WINDOWS\System32\kernel.appcore.dll
[0923/153855.045:ERROR:process_memory_win.cc(73)] ReadMemory at 0x7fffe4710000 of 64 bytes failed: Only part of a ReadProcessMemory or WriteProcessMemory request was completed. (0x12B)
[0923/153855.045:WARNING:pe_image_reader.cc(340)] could not read dos header from C:\WINDOWS\System32\bcrypt.dll
[0923/153855.045:ERROR:process_memory_win.cc(73)] ReadMemory at 0x7fffe2780000 of 64 bytes failed: Only part of a ReadProcessMemory or WriteProcessMemory request was completed. (0x12B)
[0923/153855.045:WARNING:pe_image_reader.cc(340)] could not read dos header from C:\WINDOWS\SYSTEM32\dbghelp.dll
[0923/153855.045:ERROR:process_memory_win.cc(73)] ReadMemory at 0x7fffdae40000 of 64 bytes failed: Only part of a ReadProcessMemory or WriteProcessMemory request was completed. (0x12B)
[0923/153855.045:WARNING:pe_image_reader.cc(340)] could not read dos header from C:\WINDOWS\SYSTEM32\WINHTTP.dll
[0923/153855.045:ERROR:process_memory_win.cc(73)] ReadMemory at 0x7fffdbc90000 of 64 bytes failed: Only part of a ReadProcessMemory or WriteProcessMemory request was completed. (0x12B)
[0923/153855.045:WARNING:pe_image_reader.cc(340)] could not read dos header from C:\WINDOWS\SYSTEM32\dhcpcsvc.DLL
[0923/153855.045:ERROR:process_memory_win.cc(73)] ReadMemory at 0x7fffe6690000 of 64 bytes failed: Only part of a ReadProcessMemory or WriteProcessMemory request was completed. (0x12B)
[0923/153855.045:WARNING:pe_image_reader.cc(340)] could not read dos header from C:\WINDOWS\System32\NSI.dll
[0923/153855.045:ERROR:process_memory_win.cc(73)] ReadMemory at 0x7fffd5360000 of 64 bytes failed: Only part of a ReadProcessMemory or WriteProcessMemory request was completed. (0x12B)
[0923/153855.045:WARNING:pe_image_reader.cc(340)] could not read dos header from C:\WINDOWS\SYSTEM32\WINMMBASE.dll
[0923/153855.045:ERROR:process_memory_win.cc(73)] ReadMemory at 0x7fffe4ac0000 of 64 bytes failed: Only part of a ReadProcessMemory or WriteProcessMemory request was completed. (0x12B)
[0923/153855.045:WARNING:pe_image_reader.cc(340)] could not read dos header from C:\WINDOWS\System32\cfgmgr32.dll
[0923/153855.046:ERROR:process_memory_win.cc(73)] ReadMemory at 0x7fffe19f0000 of 64 bytes failed: Only part of a ReadProcessMemory or WriteProcessMemory request was completed. (0x12B)
[0923/153855.046:WARNING:pe_image_reader.cc(340)] could not read dos header from C:\WINDOWS\SYSTEM32\PROPSYS.dll
[0923/153855.046:ERROR:process_memory_win.cc(73)] ReadMemory at 0x7fffe5210000 of 64 bytes failed: Only part of a ReadProcessMemory or WriteProcessMemory request was completed. (0x12B)
[0923/153855.046:WARNING:pe_image_reader.cc(340)] could not read dos header from C:\WINDOWS\System32\shcore.dll
[0923/153855.046:ERROR:process_memory_win.cc(73)] ReadMemory at 0x7fffe3dd0000 of 64 bytes failed: Only part of a ReadProcessMemory or WriteProcessMemory request was completed. (0x12B)
[0923/153855.046:WARNING:pe_image_reader.cc(340)] could not read dos header from C:\WINDOWS\SYSTEM32\SSPICLI.DLL
[0923/153855.046:ERROR:process_memory_win.cc(73)] ReadMemory at 0x7fffe38e0000 of 64 bytes failed: Only part of a ReadProcessMemory or WriteProcessMemory request was completed. (0x12B)
[0923/153855.046:WARNING:pe_image_reader.cc(340)] could not read dos header from C:\WINDOWS\SYSTEM32\CRYPTBASE.DLL
[0923/153855.046:ERROR:process_memory_win.cc(73)] ReadMemory at 0x7ff623030000 of 64 bytes failed: Only part of a ReadProcessMemory or WriteProcessMemory request was completed. (0x12B)
[0923/153855.046:WARNING:pe_image_reader.cc(340)] could not read dos header from C:\Program Files (x86)\Google\Chrome\Application\chrome.exe
[0923/153855.046:ERROR:process_memory_win.cc(73)] ReadMemory at 0x7fffe7000000 of 64 bytes failed: Only part of a ReadProcessMemory or WriteProcessMemory request was completed. (0x12B)
[0923/153855.046:WARNING:pe_image_reader.cc(340)] could not read dos header from C:\WINDOWS\SYSTEM32\ntdll.dll
[0923/153855.047:ERROR:process_memory_win.cc(73)] ReadMemory at 0x7fffe6f00000 of 64 bytes failed: Only part of a ReadProcessMemory or WriteProcessMemory request was completed. (0x12B)
[0923/153855.047:WARNING:pe_image_reader.cc(340)] could not read dos header from C:\WINDOWS\System32\KERNEL32.dll
[0923/153855.047:ERROR:process_memory_win.cc(73)] ReadMemory at 0x7fffe4d00000 of 64 bytes failed: Only part of a ReadProcessMemory or WriteProcessMemory request was completed. (0x12B)
[0923/153855.047:WARNING:pe_image_reader.cc(340)] could not read dos header from C:\WINDOWS\System32\KERNELBASE.dll
[0923/153855.047:ERROR:process_memory_win.cc(73)] ReadMemory at 0x7fffddea0000 of 64 bytes failed: Only part of a ReadProcessMemory or WriteProcessMemory request was completed. (0x12B)
[0923/153855.047:WARNING:pe_image_reader.cc(340)] could not read dos header from C:\WINDOWS\SYSTEM32\version.dll
[0923/153855.047:ERROR:process_memory_win.cc(73)] ReadMemory at 0x7fffe6b60000 of 64 bytes failed: Only part of a ReadProcessMemory or WriteProcessMemory request was completed. (0x12B)
[0923/153855.047:WARNING:pe_image_reader.cc(340)] could not read dos header from C:\WINDOWS\System32\msvcrt.dll
[0923/153855.047:ERROR:process_memory_win.cc(73)] ReadMemory at 0x7fffa0ca0000 of 64 bytes failed: Only part of a ReadProcessMemory or WriteProcessMemory request was completed. (0x12B)
[0923/153855.047:WARNING:pe_image_reader.cc(340)] could not read dos header from C:\Program Files (x86)\Google\Chrome\Application\85.0.4183.102\chrome_elf.dll
[0923/153855.047:ERROR:process_memory_win.cc(73)] ReadMemory at 0x7fffe4fb0000 of 64 bytes failed: Only part of a ReadProcessMemory or WriteProcessMemory request was completed. (0x12B)
[0923/153855.047:WARNING:pe_image_reader.cc(340)] could not read dos header from C:\WINDOWS\System32\bcryptPrimitives.dll
[0923/153855.047:ERROR:process_memory_win.cc(73)] ReadMemory at 0x7fffe69e0000 of 64 bytes failed: Only part of a ReadProcessMemory or WriteProcessMemory request was completed. (0x12B)
[0923/153855.047:WARNING:pe_image_reader.cc(340)] could not read dos header from C:\WINDOWS\System32\ADVAPI32.dll
[0923/153855.047:ERROR:process_memory_win.cc(73)] ReadMemory at 0x7fffe5470000 of 64 bytes failed: Only part of a ReadProcessMemory or WriteProcessMemory request was completed. (0x12B)
[0923/153855.048:WARNING:pe_image_reader.cc(340)] could not read dos header from C:\WINDOWS\System32\sechost.dll
[0923/153855.048:ERROR:process_memory_win.cc(73)] ReadMemory at 0x7fffe50c0000 of 64 bytes failed: Only part of a ReadProcessMemory or WriteProcessMemory request was completed. (0x12B)
[0923/153855.048:WARNING:pe_image_reader.cc(340)] could not read dos header from C:\WINDOWS\System32\RPCRT4.dll
[0923/153855.048:ERROR:process_memory_win.cc(73)] ReadMemory at 0x7fff60300000 of 64 bytes failed: Only part of a ReadProcessMemory or WriteProcessMemory request was completed. (0x12B)
[0923/153855.048:WARNING:pe_image_reader.cc(340)] could not read dos header from C:\Program Files (x86)\Google\Chrome\Application\85.0.4183.102\chrome.dll
[0923/153855.048:ERROR:process_memory_win.cc(73)] ReadMemory at 0x7fffe6560000 of 64 bytes failed: Only part of a ReadProcessMemory or WriteProcessMemory request was completed. (0x12B)
[0923/153855.048:WARNING:pe_image_reader.cc(340)] could not read dos header from C:\WINDOWS\System32\WS2_32.dll
[0923/153855.048:ERROR:process_memory_win.cc(73)] ReadMemory at 0x7fffe6c20000 of 64 bytes failed: Only part of a ReadProcessMemory or WriteProcessMemory request was completed. (0x12B)
[0923/153855.048:WARNING:pe_image_reader.cc(340)] could not read dos header from C:\WINDOWS\System32\OLEAUT32.dll
[0923/153855.048:ERROR:process_memory_win.cc(73)] ReadMemory at 0x7fffe4b10000 of 64 bytes failed: Only part of a ReadProcessMemory or WriteProcessMemory request was completed. (0x12B)
[0923/153855.048:WARNING:pe_image_reader.cc(340)] could not read dos header from C:\WINDOWS\System32\msvcp_win.dll
[0923/153855.048:ERROR:process_memory_win.cc(73)] ReadMemory at 0x7fffe4990000 of 64 bytes failed: Only part of a ReadProcessMemory or WriteProcessMemory request was completed. (0x12B)
[0923/153855.049:WARNING:pe_image_reader.cc(340)] could not read dos header from C:\WINDOWS\System32\ucrtbase.dll
[0923/153855.049:ERROR:process_memory_win.cc(73)] ReadMemory at 0x7fffe56c0000 of 64 bytes failed: Only part of a ReadProcessMemory or WriteProcessMemory request was completed. (0x12B)
[0923/153855.049:WARNING:pe_image_reader.cc(340)] could not read dos header from C:\WINDOWS\System32\combase.dll
[0923/153855.049:ERROR:process_memory_win.cc(73)] ReadMemory at 0x7fffe5030000 of 64 bytes failed: Only part of a ReadProcessMemory or WriteProcessMemory request was completed. (0x12B)
[0923/153855.049:WARNING:pe_image_reader.cc(340)] could not read dos header from C:\WINDOWS\System32\WINTRUST.dll
[0923/153855.049:ERROR:process_memory_win.cc(73)] ReadMemory at 0x7fffe3f70000 of 64 bytes failed: Only part of a ReadProcessMemory or WriteProcessMemory request was completed. (0x12B)
[0923/153855.049:WARNING:pe_image_reader.cc(340)] could not read dos header from C:\WINDOWS\System32\MSASN1.dll
[0923/153855.049:ERROR:process_memory_win.cc(73)] ReadMemory at 0x7fffe4bb0000 of 64 bytes failed: Only part of a ReadProcessMemory or WriteProcessMemory request was completed. (0x12B)
[0923/153855.049:WARNING:pe_image_reader.cc(340)] could not read dos header from C:\WINDOWS\System32\CRYPT32.dll
[0923/153855.049:ERROR:process_memory_win.cc(73)] ReadMemory at 0x7fffe3420000 of 64 bytes failed: Only part of a ReadProcessMemory or WriteProcessMemory request was completed. (0x12B)
[0923/153855.049:WARNING:pe_image_reader.cc(340)] could not read dos header from C:\WINDOWS\SYSTEM32\IPHLPAPI.DLL
[0923/153855.049:ERROR:process_memory_win.cc(73)] ReadMemory at 0x7fffd55b0000 of 64 bytes failed: Only part of a ReadProcessMemory or WriteProcessMemory request was completed. (0x12B)
[0923/153855.049:WARNING:pe_image_reader.cc(340)] could not read dos header from C:\WINDOWS\SYSTEM32\WINMM.dll
[0923/153855.049:ERROR:process_memory_win.cc(73)] ReadMemory at 0x7fffb2840000 of 64 bytes failed: Only part of a ReadProcessMemory or WriteProcessMemory request was completed. (0x12B)
[0923/153855.049:WARNING:pe_image_reader.cc(340)] could not read dos header from C:\WINDOWS\SYSTEM32\UIAutomationCore.DLL
[0923/153855.050:ERROR:process_memory_win.cc(73)] ReadMemory at 0x7fffd9e40000 of 64 bytes failed: Only part of a ReadProcessMemory or WriteProcessMemory request was completed. (0x12B)
[0923/153855.050:WARNING:pe_image_reader.cc(340)] could not read dos header from C:\WINDOWS\SYSTEM32\Secur32.dll
[0923/153855.050:ERROR:process_memory_win.cc(73)] ReadMemory at 0x7fffe3da0000 of 64 bytes failed: Only part of a ReadProcessMemory or WriteProcessMemory request was completed. (0x12B)
[0923/153855.050:WARNING:pe_image_reader.cc(340)] could not read dos header from C:\WINDOWS\SYSTEM32\USERENV.dll
[0923/153855.050:ERROR:process_memory_win.cc(73)] ReadMemory at 0x7fffe3f40000 of 64 bytes failed: Only part of a ReadProcessMemory or WriteProcessMemory request was completed. (0x12B)
[0923/153855.050:WARNING:pe_image_reader.cc(340)] could not read dos header from C:\WINDOWS\System32\profapi.dll
[0923/153855.050:ERROR:process_memory_win.cc(73)] ReadMemory at 0x7fffc40e0000 of 64 bytes failed: Only part of a ReadProcessMemory or WriteProcessMemory request was completed. (0x12B)
[0923/153855.050:WARNING:pe_image_reader.cc(340)] could not read dos header from C:\WINDOWS\SYSTEM32\DWrite.dll
[0923/153855.050:ERROR:process_memory_win.cc(73)] ReadMemory at 0x7fffb2110000 of 64 bytes failed: Only part of a ReadProcessMemory or WriteProcessMemory request was completed. (0x12B)
[0923/153855.050:WARNING:pe_image_reader.cc(340)] could not read dos header from C:\WINDOWS\SYSTEM32\WINSPOOL.DRV
[0923/153855.050:ERROR:process_memory_win.cc(73)] ReadMemory at 0x7fffe3f20000 of 64 bytes failed: Only part of a ReadProcessMemory or WriteProcessMemory request was completed. (0x12B)
[0923/153855.050:WARNING:pe_image_reader.cc(340)] could not read dos header from C:\WINDOWS\System32\kernel.appcore.dll
[0923/153855.050:ERROR:process_memory_win.cc(73)] ReadMemory at 0x7fffe4710000 of 64 bytes failed: Only part of a ReadProcessMemory or WriteProcessMemory request was completed. (0x12B)
[0923/153855.050:WARNING:pe_image_reader.cc(340)] could not read dos header from C:\WINDOWS\System32\bcrypt.dll
[0923/153855.050:ERROR:process_memory_win.cc(73)] ReadMemory at 0x7fffe2780000 of 64 bytes failed: Only part of a ReadProcessMemory or WriteProcessMemory request was completed. (0x12B)
[0923/153855.051:WARNING:pe_image_reader.cc(340)] could not read dos header from C:\WINDOWS\SYSTEM32\dbghelp.dll
[0923/153855.051:ERROR:process_memory_win.cc(73)] ReadMemory at 0x7fffdae40000 of 64 bytes failed: Only part of a ReadProcessMemory or WriteProcessMemory request was completed. (0x12B)
[0923/153855.051:WARNING:pe_image_reader.cc(340)] could not read dos header from C:\WINDOWS\SYSTEM32\WINHTTP.dll
[0923/153855.051:ERROR:process_memory_win.cc(73)] ReadMemory at 0x7fffdbc90000 of 64 bytes failed: Only part of a ReadProcessMemory or WriteProcessMemory request was completed. (0x12B)
[0923/153855.051:WARNING:pe_image_reader.cc(340)] could not read dos header from C:\WINDOWS\SYSTEM32\dhcpcsvc.DLL
[0923/153855.051:ERROR:process_memory_win.cc(73)] ReadMemory at 0x7fffe6690000 of 64 bytes failed: Only part of a ReadProcessMemory or WriteProcessMemory request was completed. (0x12B)
[0923/153855.051:WARNING:pe_image_reader.cc(340)] could not read dos header from C:\WINDOWS\System32\NSI.dll
[0923/153855.051:ERROR:process_memory_win.cc(73)] ReadMemory at 0x7fffd5360000 of 64 bytes failed: Only part of a ReadProcessMemory or WriteProcessMemory request was completed. (0x12B)
[0923/153855.051:WARNING:pe_image_reader.cc(340)] could not read dos header from C:\WINDOWS\SYSTEM32\WINMMBASE.dll
[0923/153855.051:ERROR:process_memory_win.cc(73)] ReadMemory at 0x7fffe4ac0000 of 64 bytes failed: Only part of a ReadProcessMemory or WriteProcessMemory request was completed. (0x12B)
[0923/153855.051:WARNING:pe_image_reader.cc(340)] could not read dos header from C:\WINDOWS\System32\cfgmgr32.dll
[0923/153855.051:ERROR:process_memory_win.cc(73)] ReadMemory at 0x7fffe19f0000 of 64 bytes failed: Only part of a ReadProcessMemory or WriteProcessMemory request was completed. (0x12B)
[0923/153855.051:WARNING:pe_image_reader.cc(340)] could not read dos header from C:\WINDOWS\SYSTEM32\PROPSYS.dll
[0923/153855.051:ERROR:process_memory_win.cc(73)] ReadMemory at 0x7fffe5210000 of 64 bytes failed: Only part of a ReadProcessMemory or WriteProcessMemory request was completed. (0x12B)
[0923/153855.051:WARNING:pe_image_reader.cc(340)] could not read dos header from C:\WINDOWS\System32\shcore.dll
[0923/153855.051:ERROR:process_memory_win.cc(73)] ReadMemory at 0x7fffe3dd0000 of 64 bytes failed: Only part of a ReadProcessMemory or WriteProcessMemory request was completed. (0x12B)
[0923/153855.051:WARNING:pe_image_reader.cc(340)] could not read dos header from C:\WINDOWS\SYSTEM32\SSPICLI.DLL
[0923/153855.052:ERROR:process_memory_win.cc(73)] ReadMemory at 0x7fffe38e0000 of 64 bytes failed: Only part of a ReadProcessMemory or WriteProcessMemory request was completed. (0x12B)
[0923/153855.052:WARNING:pe_image_reader.cc(340)] could not read dos header from C:\WINDOWS\SYSTEM32\CRYPTBASE.DLL
[0923/153855.072:ERROR:process_memory_win.cc(73)] ReadMemory at 0x51f65f5000 of 45056 bytes failed: Only part of a ReadProcessMemory or WriteProcessMemory request was completed. (0x12B)
[0923/153855.072:ERROR:process_memory_win.cc(73)] ReadMemory at 0x51f6dfd000 of 12288 bytes failed: Only part of a ReadProcessMemory or WriteProcessMemory request was completed. (0x12B)
[0923/153855.073:ERROR:process_memory_win.cc(73)] ReadMemory at 0x51f75fa000 of 24576 bytes failed: Only part of a ReadProcessMemory or WriteProcessMemory request was completed. (0x12B)
[0923/153855.073:ERROR:process_memory_win.cc(73)] ReadMemory at 0x51f7dfd000 of 12288 bytes failed: Only part of a ReadProcessMemory or WriteProcessMemory request was completed. (0x12B)
[0923/153855.073:ERROR:process_memory_win.cc(73)] ReadMemory at 0x51f85fc000 of 16384 bytes failed: Only part of a ReadProcessMemory or WriteProcessMemory request was completed. (0x12B)
[0923/153855.073:ERROR:process_memory_win.cc(73)] ReadMemory at 0x51f8dff000 of 4096 bytes failed: Only part of a ReadProcessMemory or WriteProcessMemory request was completed. (0x12B)
[0923/153855.073:ERROR:process_memory_win.cc(73)] ReadMemory at 0x51f95fd000 of 12288 bytes failed: Only part of a ReadProcessMemory or WriteProcessMemory request was completed. (0x12B)
[0923/153855.074:ERROR:process_memory_win.cc(73)] ReadMemory at 0x51f9dfc000 of 16384 bytes failed: Only part of a ReadProcessMemory or WriteProcessMemory request was completed. (0x12B)
[0923/153855.074:ERROR:process_memory_win.cc(73)] ReadMemory at 0x51fa5fd000 of 12288 bytes failed: Only part of a ReadProcessMemory or WriteProcessMemory request was completed. (0x12B)
[0923/153855.074:ERROR:process_memory_win.cc(73)] ReadMemory at 0x51fadfd000 of 12288 bytes failed: Only part of a ReadProcessMemory or WriteProcessMemory request was completed. (0x12B)
[0923/153855.074:ERROR:process_memory_win.cc(73)] ReadMemory at 0x51fb5fd000 of 12288 bytes failed: Only part of a ReadProcessMemory or WriteProcessMemory request was completed. (0x12B)
[0923/153855.074:ERROR:process_memory_win.cc(73)] ReadMemory at 0x51fbdfd000 of 12288 bytes failed: Only part of a ReadProcessMemory or WriteProcessMemory request was completed. (0x12B)
[0923/153855.075:ERROR:process_memory_win.cc(73)] ReadMemory at 0x51fc5fd000 of 12288 bytes failed: Only part of a ReadProcessMemory or WriteProcessMemory request was completed. (0x12B)
[0923/153855.075:ERROR:process_memory_win.cc(73)] ReadMemory at 0x51fcdfd000 of 12288 bytes failed: Only part of a ReadProcessMemory or WriteProcessMemory request was completed. (0x12B)
[0923/153855.075:ERROR:process_memory_win.cc(73)] ReadMemory at 0x51f5c34000 of 852 bytes failed: Only part of a ReadProcessMemory or WriteProcessMemory request was completed. (0x12B)
[0923/153855.076:ERROR:process_memory_win.cc(73)] ReadMemory at 0x51f5c35000 of 6024 bytes failed: Only part of a ReadProcessMemory or WriteProcessMemory request was completed. (0x12B)
[0923/153855.076:ERROR:process_memory_win.cc(73)] ReadMemory at 0x51f5c37000 of 6024 bytes failed: Only part of a ReadProcessMemory or WriteProcessMemory request was completed. (0x12B)
[0923/153855.077:ERROR:process_memory_win.cc(73)] ReadMemory at 0x51f5c39000 of 6024 bytes failed: Only part of a ReadProcessMemory or WriteProcessMemory request was completed. (0x12B)
[0923/153855.077:ERROR:process_memory_win.cc(73)] ReadMemory at 0x51f5c3b000 of 6024 bytes failed: Only part of a ReadProcessMemory or WriteProcessMemory request was completed. (0x12B)
[0923/153855.078:ERROR:process_memory_win.cc(73)] ReadMemory at 0x51f5c3d000 of 6024 bytes failed: Only part of a ReadProcessMemory or WriteProcessMemory request was completed. (0x12B)
[0923/153855.078:ERROR:process_memory_win.cc(73)] ReadMemory at 0x51f5c3f000 of 6024 bytes failed: Only part of a ReadProcessMemory or WriteProcessMemory request was completed. (0x12B)
[0923/153855.078:ERROR:process_memory_win.cc(73)] ReadMemory at 0x51f5c41000 of 6024 bytes failed: Only part of a ReadProcessMemory or WriteProcessMemory request was completed. (0x12B)
[0923/153855.078:ERROR:process_memory_win.cc(73)] ReadMemory at 0x51f5c43000 of 6024 bytes failed: Only part of a ReadProcessMemory or WriteProcessMemory request was completed. (0x12B)
[0923/153855.079:ERROR:process_memory_win.cc(73)] ReadMemory at 0x51f5c45000 of 6024 bytes failed: Only part of a ReadProcessMemory or WriteProcessMemory request was completed. (0x12B)
[0923/153855.079:ERROR:process_memory_win.cc(73)] ReadMemory at 0x51f5c47000 of 6024 bytes failed: Only part of a ReadProcessMemory or WriteProcessMemory request was completed. (0x12B)
[0923/153855.079:ERROR:process_memory_win.cc(73)] ReadMemory at 0x51f5c49000 of 6024 bytes failed: Only part of a ReadProcessMemory or WriteProcessMemory request was completed. (0x12B)
[0923/153855.079:ERROR:process_memory_win.cc(73)] ReadMemory at 0x51f5c4b000 of 6024 bytes failed: Only part of a ReadProcessMemory or WriteProcessMemory request was completed. (0x12B)
[0923/153855.079:ERROR:process_memory_win.cc(73)] ReadMemory at 0x51f5c4d000 of 6024 bytes failed: Only part of a ReadProcessMemory or WriteProcessMemory request was completed. (0x12B)
[0923/153855.080:ERROR:process_memory_win.cc(73)] ReadMemory at 0x51f5c4f000 of 6024 bytes failed: Only part of a ReadProcessMemory or WriteProcessMemory request was completed. (0x12B)
[0923/153855.080:ERROR:process_memory_win.cc(73)] ReadMemory at 0x18027b12200 of 512 bytes failed: Only part of a ReadProcessMemory or WriteProcessMemory request was completed. (0x12B)
[0923/153855.080:ERROR:process_memory_win.cc(73)] ReadMemory at 0x18027b90000 of 384 bytes failed: Only part of a ReadProcessMemory or WriteProcessMemory request was completed. (0x12B)
[0923/153855.081:ERROR:process_memory_win.cc(73)] ReadMemory at 0x18027b90fe0 of 18682 bytes failed: Only part of a ReadProcessMemory or WriteProcessMemory request was completed. (0x12B)
[0923/153855.081:ERROR:process_memory_win.cc(73)] ReadMemory at 0x18027b958f0 of 1012 bytes failed: Only part of a ReadProcessMemory or WriteProcessMemory request was completed. (0x12B)
[0923/153855.081:ERROR:process_memory_win.cc(73)] ReadMemory at 0x18027b95f38 of 118 bytes failed: Only part of a ReadProcessMemory or WriteProcessMemory request was completed. (0x12B)
[0923/153855.081:ERROR:process_memory_win.cc(73)] ReadMemory at 0x18027b95fb0 of 760 bytes failed: Only part of a ReadProcessMemory or WriteProcessMemory request was completed. (0x12B)
[0923/153855.081:ERROR:process_memory_win.cc(73)] ReadMemory at 0x18027b962aa of 118 bytes failed: Only part of a ReadProcessMemory or WriteProcessMemory request was completed. (0x12B)
[0923/153855.081:ERROR:process_memory_win.cc(73)] ReadMemory at 0x18027b96322 of 102 bytes failed: Only part of a ReadProcessMemory or WriteProcessMemory request was completed. (0x12B)
[0923/153855.081:ERROR:process_memory_win.cc(73)] ReadMemory at 0x18027b963a0 of 58 bytes failed: Only part of a ReadProcessMemory or WriteProcessMemory request was completed. (0x12B)
[0923/153855.082:ERROR:process_memory_win.cc(73)] ReadMemory at 0x18027b964a0 of 132 bytes failed: Only part of a ReadProcessMemory or WriteProcessMemory request was completed. (0x12B)
[0923/153855.082:ERROR:process_memory_win.cc(73)] ReadMemory at 0x18027b96630 of 132 bytes failed: Only part of a ReadProcessMemory or WriteProcessMemory request was completed. (0x12B)
[0923/153855.082:ERROR:process_memory_win.cc(73)] ReadMemory at 0x18027b967f0 of 126 bytes failed: Only part of a ReadProcessMemory or WriteProcessMemory request was completed. (0x12B)
[0923/153855.082:ERROR:process_memory_win.cc(73)] ReadMemory at 0x18027b96ae0 of 132 bytes failed: Only part of a ReadProcessMemory or WriteProcessMemory request was completed. (0x12B)
[0923/153855.082:ERROR:process_memory_win.cc(73)] ReadMemory at 0x18027b97060 of 132 bytes failed: Only part of a ReadProcessMemory or WriteProcessMemory request was completed. (0x12B)
[0923/153855.082:ERROR:process_memory_win.cc(73)] ReadMemory at 0x18027b971f0 of 64 bytes failed: Only part of a ReadProcessMemory or WriteProcessMemory request was completed. (0x12B)
[0923/153855.083:ERROR:process_memory_win.cc(73)] ReadMemory at 0x18027b973e0 of 132 bytes failed: Only part of a ReadProcessMemory or WriteProcessMemory request was completed. (0x12B)
[0923/153855.083:ERROR:process_memory_win.cc(73)] ReadMemory at 0x18027b97650 of 132 bytes failed: Only part of a ReadProcessMemory or WriteProcessMemory request was completed. (0x12B)
[0923/153855.083:ERROR:process_memory_win.cc(73)] ReadMemory at 0x18027b977e0 of 68 bytes failed: Only part of a ReadProcessMemory or WriteProcessMemory request was completed. (0x12B)
[0923/153855.083:ERROR:process_memory_win.cc(73)] ReadMemory at 0x18027b9e4d0 of 60 bytes failed: Only part of a ReadProcessMemory or WriteProcessMemory request was completed. (0x12B)
[0923/153855.083:ERROR:process_memory_win.cc(73)] ReadMemory at 0x18027b9e750 of 62 bytes failed: Only part of a ReadProcessMemory or WriteProcessMemory request was completed. (0x12B)
[0923/153855.083:ERROR:process_memory_win.cc(73)] ReadMemory at 0x18027ba1dc0 of 132 bytes failed: Only part of a ReadProcessMemory or WriteProcessMemory request was completed. (0x12B)
[0923/153855.083:ERROR:process_memory_win.cc(73)] ReadMemory at 0x18027ba1ef0 of 154 bytes failed: Only part of a ReadProcessMemory or WriteProcessMemory request was completed. (0x12B)
[0923/153855.083:ERROR:process_memory_win.cc(73)] ReadMemory at 0x18027ba8c70 of 62 bytes failed: Only part of a ReadProcessMemory or WriteProcessMemory request was completed. (0x12B)
[0923/153855.085:ERROR:process_memory_win.cc(73)] ReadMemory at 0x18027ba8d60 of 60 bytes failed: Only part of a ReadProcessMemory or WriteProcessMemory request was completed. (0x12B)
[0923/153855.085:ERROR:process_memory_win.cc(73)] ReadMemory at 0x18027bad090 of 54 bytes failed: Only part of a ReadProcessMemory or WriteProcessMemory request was completed. (0x12B)
[0923/153855.086:ERROR:process_memory_win.cc(73)] ReadMemory at 0x18027bb2690 of 80 bytes failed: Only part of a ReadProcessMemory or WriteProcessMemory request was completed. (0x12B)
[0923/153855.086:ERROR:process_memory_win.cc(73)] ReadMemory at 0x18027bb5ec0 of 132 bytes failed: Only part of a ReadProcessMemory or WriteProcessMemory request was completed. (0x12B)
[0923/153855.086:ERROR:process_memory_win.cc(73)] ReadMemory at 0x18027bb6a00 of 132 bytes failed: Only part of a ReadProcessMemory or WriteProcessMemory request was completed. (0x12B)
[0923/153855.086:ERROR:process_memory_win.cc(73)] ReadMemory at 0x18027bb6d30 of 132 bytes failed: Only part of a ReadProcessMemory or WriteProcessMemory request was completed. (0x12B)
[0923/153855.086:ERROR:process_memory_win.cc(73)] ReadMemory at 0x18027bb6f50 of 62 bytes failed: Only part of a ReadProcessMemory or WriteProcessMemory request was completed. (0x12B)
[0923/153855.086:ERROR:process_memory_win.cc(73)] ReadMemory at 0x18027bb70e0 of 60 bytes failed: Only part of a ReadProcessMemory or WriteProcessMemory request was completed. (0x12B)
[0923/153855.087:ERROR:process_memory_win.cc(73)] ReadMemory at 0x18027bb7130 of 58 bytes failed: Only part of a ReadProcessMemory or WriteProcessMemory request was completed. (0x12B)
[0923/153855.087:ERROR:process_memory_win.cc(73)] ReadMemory at 0x18027bb7220 of 64 bytes failed: Only part of a ReadProcessMemory or WriteProcessMemory request was completed. (0x12B)
[0923/153855.087:ERROR:process_memory_win.cc(73)] ReadMemory at 0x18027bb7270 of 62 bytes failed: Only part of a ReadProcessMemory or WriteProcessMemory request was completed. (0x12B)
[0923/153855.087:ERROR:process_memory_win.cc(73)] ReadMemory at 0x18027bb7310 of 64 bytes failed: Only part of a ReadProcessMemory or WriteProcessMemory request was completed. (0x12B)
[0923/153855.087:ERROR:process_memory_win.cc(73)] ReadMemory at 0x18027bb7360 of 62 bytes failed: Only part of a ReadProcessMemory or WriteProcessMemory request was completed. (0x12B)
[0923/153855.087:ERROR:process_memory_win.cc(73)] ReadMemory at 0x18027bb7450 of 62 bytes failed: Only part of a ReadProcessMemory or WriteProcessMemory request was completed. (0x12B)
[0923/153855.087:ERROR:process_memory_win.cc(73)] ReadMemory at 0x18027bb74a0 of 60 bytes failed: Only part of a ReadProcessMemory or WriteProcessMemory request was completed. (0x12B)
[0923/153855.088:ERROR:process_memory_win.cc(73)] ReadMemory at 0x18027bb74f0 of 64 bytes failed: Only part of a ReadProcessMemory or WriteProcessMemory request was completed. (0x12B)
[0923/153855.088:ERROR:process_memory_win.cc(73)] ReadMemory at 0x18027bb7540 of 62 bytes failed: Only part of a ReadProcessMemory or WriteProcessMemory request was completed. (0x12B)
[0923/153855.088:ERROR:process_memory_win.cc(73)] ReadMemory at 0x18027bb7590 of 64 bytes failed: Only part of a ReadProcessMemory or WriteProcessMemory request was completed. (0x12B)
[0923/153855.088:ERROR:process_memory_win.cc(73)] ReadMemory at 0x18027bb75e0 of 66 bytes failed: Only part of a ReadProcessMemory or WriteProcessMemory request was completed. (0x12B)
[0923/153855.088:ERROR:process_memory_win.cc(73)] ReadMemory at 0x18027bb7630 of 62 bytes failed: Only part of a ReadProcessMemory or WriteProcessMemory request was completed. (0x12B)
[0923/153855.088:ERROR:process_memory_win.cc(73)] ReadMemory at 0x18027bb7720 of 62 bytes failed: Only part of a ReadProcessMemory or WriteProcessMemory request was completed. (0x12B)
[0923/153855.088:ERROR:process_memory_win.cc(73)] ReadMemory at 0x18027bb7810 of 64 bytes failed: Only part of a ReadProcessMemory or WriteProcessMemory request was completed. (0x12B)
[0923/153855.089:ERROR:process_memory_win.cc(73)] ReadMemory at 0x18027bb7900 of 64 bytes failed: Only part of a ReadProcessMemory or WriteProcessMemory request was completed. (0x12B)
[0923/153855.089:ERROR:process_memory_win.cc(73)] ReadMemory at 0x18027bb7a90 of 64 bytes failed: Only part of a ReadProcessMemory or WriteProcessMemory request was completed. (0x12B)
[0923/153855.089:ERROR:process_memory_win.cc(73)] ReadMemory at 0x18027bb7b80 of 62 bytes failed: Only part of a ReadProcessMemory or WriteProcessMemory request was completed. (0x12B)
[0923/153855.089:ERROR:process_memory_win.cc(73)] ReadMemory at 0x18027bb7bd0 of 66 bytes failed: Only part of a ReadProcessMemory or WriteProcessMemory request was completed. (0x12B)
[0923/153855.089:ERROR:process_memory_win.cc(73)] ReadMemory at 0x18027bb7c70 of 60 bytes failed: Only part of a ReadProcessMemory or WriteProcessMemory request was completed. (0x12B)
[0923/153855.089:ERROR:process_memory_win.cc(73)] ReadMemory at 0x18027bb7cc0 of 62 bytes failed: Only part of a ReadProcessMemory or WriteProcessMemory request was completed. (0x12B)
[0923/153855.090:ERROR:process_memory_win.cc(73)] ReadMemory at 0x18027bb7d10 of 60 bytes failed: Only part of a ReadProcessMemory or WriteProcessMemory request was completed. (0x12B)
[0923/153855.090:ERROR:process_memory_win.cc(73)] ReadMemory at 0x18027bb7d60 of 64 bytes failed: Only part of a ReadProcessMemory or WriteProcessMemory request was completed. (0x12B)
[0923/153855.090:ERROR:process_memory_win.cc(73)] ReadMemory at 0x18027bb7e00 of 60 bytes failed: Only part of a ReadProcessMemory or WriteProcessMemory request was completed. (0x12B)
[0923/153855.090:ERROR:process_memory_win.cc(73)] ReadMemory at 0x18027bb98e0 of 132 bytes failed: Only part of a ReadProcessMemory or WriteProcessMemory request was completed. (0x12B)
[0923/153855.090:ERROR:process_memory_win.cc(73)] ReadMemory at 0x18027bbaeb0 of 132 bytes failed: Only part of a ReadProcessMemory or WriteProcessMemory request was completed. (0x12B)
[0923/153855.090:ERROR:process_memory_win.cc(73)] ReadMemory at 0x18027bbafe0 of 132 bytes failed: Only part of a ReadProcessMemory or WriteProcessMemory request was completed. (0x12B)
[0923/153855.090:ERROR:process_memory_win.cc(73)] ReadMemory at 0x18027bbf010 of 132 bytes failed: Only part of a ReadProcessMemory or WriteProcessMemory request was completed. (0x12B)
[0923/153855.091:ERROR:process_memory_win.cc(73)] ReadMemory at 0x18027bbf140 of 132 bytes failed: Only part of a ReadProcessMemory or WriteProcessMemory request was completed. (0x12B)
[0923/153855.091:ERROR:process_memory_win.cc(73)] ReadMemory at 0x18027bc03d0 of 132 bytes failed: Only part of a ReadProcessMemory or WriteProcessMemory request was completed. (0x12B)
[0923/153855.091:ERROR:process_memory_win.cc(73)] ReadMemory at 0x18027bc0660 of 146 bytes failed: Only part of a ReadProcessMemory or WriteProcessMemory request was completed. (0x12B)
[0923/153855.091:ERROR:process_memory_win.cc(73)] ReadMemory at 0x18027bc19a0 of 132 bytes failed: Only part of a ReadProcessMemory or WriteProcessMemory request was completed. (0x12B)
[0923/153855.091:ERROR:process_memory_win.cc(73)] ReadMemory at 0x18027bc1ad0 of 132 bytes failed: Only part of a ReadProcessMemory or WriteProcessMemory request was completed. (0x12B)
[0923/153855.091:ERROR:process_memory_win.cc(73)] ReadMemory at 0x18027bc1c00 of 132 bytes failed: Only part of a ReadProcessMemory or WriteProcessMemory request was completed. (0x12B)
[0923/153855.091:ERROR:process_memory_win.cc(73)] ReadMemory at 0x18027bc1d30 of 132 bytes failed: Only part of a ReadProcessMemory or WriteProcessMemory request was completed. (0x12B)
[0923/153855.092:ERROR:process_memory_win.cc(73)] ReadMemory at 0x18027bc1e60 of 132 bytes failed: Only part of a ReadProcessMemory or WriteProcessMemory request was completed. (0x12B)
[0923/153855.092:ERROR:process_memory_win.cc(73)] ReadMemory at 0x18027bc1f90 of 132 bytes failed: Only part of a ReadProcessMemory or WriteProcessMemory request was completed. (0x12B)
[0923/153855.092:ERROR:process_memory_win.cc(73)] ReadMemory at 0x18027bc20c0 of 132 bytes failed: Only part of a ReadProcessMemory or WriteProcessMemory request was completed. (0x12B)
[0923/153855.093:ERROR:process_memory_win.cc(73)] ReadMemory at 0x18027bc21f0 of 132 bytes failed: Only part of a ReadProcessMemory or WriteProcessMemory request was completed. (0x12B)
[0923/153855.093:ERROR:process_memory_win.cc(73)] ReadMemory at 0x18027bc2320 of 132 bytes failed: Only part of a ReadProcessMemory or WriteProcessMemory request was completed. (0x12B)
[0923/153855.093:ERROR:process_memory_win.cc(73)] ReadMemory at 0x18027bc2450 of 132 bytes failed: Only part of a ReadProcessMemory or WriteProcessMemory request was completed. (0x12B)
[0923/153855.093:ERROR:process_memory_win.cc(73)] ReadMemory at 0x18027bc2580 of 132 bytes failed: Only part of a ReadProcessMemory or WriteProcessMemory request was completed. (0x12B)
[0923/153855.093:ERROR:process_memory_win.cc(73)] ReadMemory at 0x18027bc26b0 of 132 bytes failed: Only part of a ReadProcessMemory or WriteProcessMemory request was completed. (0x12B)
[0923/153855.093:ERROR:process_memory_win.cc(73)] ReadMemory at 0x18027bc2ef0 of 76 bytes failed: Only part of a ReadProcessMemory or WriteProcessMemory request was completed. (0x12B)
[0923/153855.094:ERROR:process_memory_win.cc(73)] ReadMemory at 0x18027bc3310 of 80 bytes failed: Only part of a ReadProcessMemory or WriteProcessMemory request was completed. (0x12B)
[0923/153855.094:ERROR:process_memory_win.cc(73)] ReadMemory at 0x18027bc60b0 of 132 bytes failed: Only part of a ReadProcessMemory or WriteProcessMemory request was completed. (0x12B)
[0923/153855.094:ERROR:process_memory_win.cc(73)] ReadMemory at 0x18027bc61e0 of 132 bytes failed: Only part of a ReadProcessMemory or WriteProcessMemory request was completed. (0x12B)
[0923/153855.095:ERROR:process_memory_win.cc(73)] ReadMemory at 0x18027bc6570 of 132 bytes failed: Only part of a ReadProcessMemory or WriteProcessMemory request was completed. (0x12B)
[0923/153855.095:ERROR:process_memory_win.cc(73)] ReadMemory at 0x18027bc66a0 of 132 bytes failed: Only part of a ReadProcessMemory or WriteProcessMemory request was completed. (0x12B)
[0923/153855.095:ERROR:process_memory_win.cc(73)] ReadMemory at 0x18027bc67d0 of 132 bytes failed: Only part of a ReadProcessMemory or WriteProcessMemory request was completed. (0x12B)
[0923/153855.095:ERROR:process_memory_win.cc(73)] ReadMemory at 0x18027bc6900 of 132 bytes failed: Only part of a ReadProcessMemory or WriteProcessMemory request was completed. (0x12B)
[0923/153855.095:ERROR:process_memory_win.cc(73)] ReadMemory at 0x18027bc6b60 of 132 bytes failed: Only part of a ReadProcessMemory or WriteProcessMemory request was completed. (0x12B)
[0923/153855.095:ERROR:process_memory_win.cc(73)] ReadMemory at 0x18027bc73b0 of 132 bytes failed: Only part of a ReadProcessMemory or WriteProcessMemory request was completed. (0x12B)
[0923/153855.095:ERROR:process_memory_win.cc(73)] ReadMemory at 0x18027bc74e0 of 132 bytes failed: Only part of a ReadProcessMemory or WriteProcessMemory request was completed. (0x12B)
[0923/153855.096:ERROR:process_memory_win.cc(73)] ReadMemory at 0x18027bc7610 of 132 bytes failed: Only part of a ReadProcessMemory or WriteProcessMemory request was completed. (0x12B)
[0923/153855.096:ERROR:process_memory_win.cc(73)] ReadMemory at 0x18027bc7870 of 132 bytes failed: Only part of a ReadProcessMemory or WriteProcessMemory request was completed. (0x12B)
[0923/153855.096:ERROR:process_memory_win.cc(73)] ReadMemory at 0x18027bd4670 of 512 bytes failed: Only part of a ReadProcessMemory or WriteProcessMemory request was completed. (0x12B)
[0923/153855.097:ERROR:process_memory_win.cc(73)] ReadMemory at 0x18027c26070 of 512 bytes failed: Only part of a ReadProcessMemory or WriteProcessMemory request was completed. (0x12B)
[0923/153855.097:ERROR:process_memory_win.cc(73)] ReadMemory at 0x18027c29120 of 512 bytes failed: Only part of a ReadProcessMemory or WriteProcessMemory request was completed. (0x12B)
[0923/153855.098:ERROR:process_memory_win.cc(73)] ReadMemory at 0x18027c33250 of 512 bytes failed: Only part of a ReadProcessMemory or WriteProcessMemory request was completed. (0x12B)
[0923/153855.098:ERROR:process_memory_win.cc(73)] ReadMemory at 0x18027c339d0 of 512 bytes failed: Only part of a ReadProcessMemory or WriteProcessMemory request was completed. (0x12B)
[0923/153855.099:ERROR:process_memory_win.cc(73)] ReadMemory at 0x18027c5c2d0 of 512 bytes failed: Only part of a ReadProcessMemory or WriteProcessMemory request was completed. (0x12B)
[0923/153855.099:ERROR:process_memory_win.cc(73)] ReadMemory at 0x18027c60c10 of 512 bytes failed: Only part of a ReadProcessMemory or WriteProcessMemory request was completed. (0x12B)
[0923/153855.099:ERROR:process_memory_win.cc(73)] ReadMemory at 0x18027c62540 of 712 bytes failed: Only part of a ReadProcessMemory or WriteProcessMemory request was completed. (0x12B)
[0923/153855.100:ERROR:process_memory_win.cc(73)] ReadMemory at 0x18029410200 of 512 bytes failed: Only part of a ReadProcessMemory or WriteProcessMemory request was completed. (0x12B)
[0923/153855.100:ERROR:process_memory_win.cc(73)] ReadMemory at 0x1802942d1b0 of 512 bytes failed: Only part of a ReadProcessMemory or WriteProcessMemory request was completed. (0x12B)
[0923/153855.100:ERROR:process_memory_win.cc(73)] ReadMemory at 0x1802946a7e0 of 512 bytes failed: Only part of a ReadProcessMemory or WriteProcessMemory request was completed. (0x12B)
[0923/153855.100:ERROR:process_memory_win.cc(73)] ReadMemory at 0x18029555254 of 512 bytes failed: Only part of a ReadProcessMemory or WriteProcessMemory request was completed. (0x12B)
[0923/153855.101:ERROR:process_memory_win.cc(73)] ReadMemory at 0x18029555642 of 512 bytes failed: Only part of a ReadProcessMemory or WriteProcessMemory request was completed. (0x12B)
[0923/153855.101:ERROR:process_memory_win.cc(73)] ReadMemory at 0x18029555964 of 512 bytes failed: Only part of a ReadProcessMemory or WriteProcessMemory request was completed. (0x12B)
[0923/153855.101:ERROR:process_memory_win.cc(73)] ReadMemory at 0x1768c8a95968 of 512 bytes failed: Only part of a ReadProcessMemory or WriteProcessMemory request was completed. (0x12B)
[0923/153855.101:ERROR:process_memory_win.cc(73)] ReadMemory at 0x3ec1080f2a40 of 512 bytes failed: Only part of a ReadProcessMemory or WriteProcessMemory request was completed. (0x12B)
[0923/153855.101:ERROR:process_memory_win.cc(73)] ReadMemory at 0x3ec108409e80 of 512 bytes failed: Only part of a ReadProcessMemory or WriteProcessMemory request was completed. (0x12B)
[0923/153855.101:ERROR:process_memory_win.cc(73)] ReadMemory at 0x7fff6302e17d of 512 bytes failed: Only part of a ReadProcessMemory or WriteProcessMemory request was completed. (0x12B)
[0923/153855.102:ERROR:process_memory_win.cc(73)] ReadMemory at 0x7fff642365f3 of 512 bytes failed: Only part of a ReadProcessMemory or WriteProcessMemory request was completed. (0x12B)
[0923/153855.102:ERROR:process_memory_win.cc(73)] ReadMemory at 0x7fff68c59ef0 of 512 bytes failed: Only part of a ReadProcessMemory or WriteProcessMemory request was completed. (0x12B)
[0923/153855.102:ERROR:process_memory_win.cc(73)] ReadMemory at 0x7fffe4f6d700 of 512 bytes failed: Only part of a ReadProcessMemory or WriteProcessMemory request was completed. (0x12B)
[0923/153855.102:ERROR:process_memory_win.cc(73)] ReadMemory at 0x7fffe6f21f80 of 512 bytes failed: Only part of a ReadProcessMemory or WriteProcessMemory request was completed. (0x12B)
[0923/153855.102:ERROR:process_memory_win.cc(73)] ReadMemory at 0x7fffe709c074 of 672 bytes failed: Only part of a ReadProcessMemory or WriteProcessMemory request was completed. (0x12B)
[0923/153855.102:ERROR:process_memory_win.cc(73)] ReadMemory at 0x7fffe709c674 of 512 bytes failed: Only part of a ReadProcessMemory or WriteProcessMemory request was completed. (0x12B)
[0923/153855.102:ERROR:process_memory_win.cc(73)] ReadMemory at 0x7fffe709f924 of 608 bytes failed: Only part of a ReadProcessMemory or WriteProcessMemory request was completed. (0x12B)
[0923/153855.103:ERROR:process_memory_win.cc(73)] ReadMemory at 0x7fffe712c428 of 18 bytes failed: Only part of a ReadProcessMemory or WriteProcessMemory request was completed. (0x12B)
[0923/153855.103:ERROR:process_memory_win.cc(73)] ReadMemory at 0x7fffe715f4f8 of 40 bytes failed: Only part of a ReadProcessMemory or WriteProcessMemory request was completed. (0x12B)
[0923/153855.103:ERROR:process_memory_win.cc(73)] ReadMemory at 0x7fffe715f978 of 48 bytes failed: Only part of a ReadProcessMemory or WriteProcessMemory request was completed. (0x12B)
[0923/153855.103:ERROR:process_memory_win.cc(73)] ReadMemory at 0x7fffe71653c0 of 64 bytes failed: Only part of a ReadProcessMemory or WriteProcessMemory request was completed. (0x12B)
[0923/153855.113:ERROR:scoped_process_suspend.cc(40)] NtResumeProcess: An attempt was made to access an exiting process. (0xc000010a)
